\BOOKMARK [1][-]{section.1}{Introduction}{}% 1
\BOOKMARK [1][-]{section.2}{Artificial Intelligence}{}% 2
\BOOKMARK [1][-]{section.3}{Inductive Biases}{}% 3
\BOOKMARK [2][-]{subsection.3.1}{Graph Neural Networks}{section.3}% 4
\BOOKMARK [2][-]{subsection.3.2}{Integrative Biases}{section.3}% 5
\BOOKMARK [2][-]{subsection.3.3}{Physics priors}{section.3}% 6
\BOOKMARK [3][-]{subsubsection.3.3.1}{Gradient Learning}{subsection.3.3}% 7
\BOOKMARK [3][-]{subsubsection.3.3.2}{Physics Informed Neural Networks}{subsection.3.3}% 8
\BOOKMARK [3][-]{subsubsection.3.3.3}{Deep Lagrangian Network}{subsection.3.3}% 9
\BOOKMARK [3][-]{subsubsection.3.3.4}{Hamiltonian Neural Networks}{subsection.3.3}% 10
\BOOKMARK [3][-]{subsubsection.3.3.5}{Variational Integrator Networks}{subsection.3.3}% 11
\BOOKMARK [3][-]{subsubsection.3.3.6}{Symplectic ODE Net}{subsection.3.3}% 12
\BOOKMARK [3][-]{subsubsection.3.3.7}{Symplectic Recurrent Neural Network}{subsection.3.3}% 13
\BOOKMARK [3][-]{subsubsection.3.3.8}{Symbolic Pregression}{subsection.3.3}% 14
\BOOKMARK [3][-]{subsubsection.3.3.9}{Deep Energy Network}{subsection.3.3}% 15
\BOOKMARK [3][-]{subsubsection.3.3.10}{Unsupervised Learning of Lagrangian Dynamics}{subsection.3.3}% 16
\BOOKMARK [3][-]{subsubsection.3.3.11}{Lagrangian Neural Networks}{subsection.3.3}% 17
\BOOKMARK [3][-]{subsubsection.3.3.12}{Modeling System Dynamics with PINNs on Lagrangian Mechanics}{subsection.3.3}% 18
\BOOKMARK [3][-]{subsubsection.3.3.13}{Thermal}{subsection.3.3}% 19
\BOOKMARK [3][-]{subsubsection.3.3.14}{Learning Constrained Dynamics with Gauss' Principle adhering Gaussian Processes}{subsection.3.3}% 20
\BOOKMARK [3][-]{subsubsection.3.3.15}{Quantum based NNs}{subsection.3.3}% 21
\BOOKMARK [3][-]{subsubsection.3.3.16}{Holonomic constraint}{subsection.3.3}% 22
\BOOKMARK [3][-]{subsubsection.3.3.17}{SympNets}{subsection.3.3}% 23
\BOOKMARK [3][-]{subsubsection.3.3.18}{Deep Hamiltonian Networks based on symplectic integrators}{subsection.3.3}% 24
\BOOKMARK [1][-]{section.4}{Notes}{}% 25
\BOOKMARK [2][-]{subsection.4.1}{GANs for Physics \(Oct '19 - Jan '20\)}{section.4}% 26
\BOOKMARK [2][-]{subsection.4.2}{VIGN}{section.4}% 27
\BOOKMARK [2][-]{subsection.4.3}{Lagrangian Dynamics \(WIP\)}{section.4}% 28
\BOOKMARK [1][-]{section.5}{Running Ideas}{}% 29
\BOOKMARK [2][-]{subsection.5.1}{VIGN extension}{section.5}% 30
\BOOKMARK [2][-]{subsection.5.2}{Covid}{section.5}% 31
\BOOKMARK [2][-]{subsection.5.3}{Inductive biases for RL}{section.5}% 32
